2018-05-17T06:02:40.987Z ERROR   :HLFConnectionManager     :fabric-client()           [client-utils.js]: sendPeersProposal - Promise is rejected: Error: 2 UNKNOWN: error executing chaincode: transaction returned with failure: Error: The current identity, with the name 'admin' and the identifier '01899e04161a3a6d64670504fa122e55818295352929b6a616333a3739fde3f2', must be activated (ACTIVATION_REQUIRED)
    at new createStatusError (/home/ubuntu/.nvm/versions/node/v8.11.2/lib/node_modules/composer-cli/node_modules/grpc/src/client.js:64:15)
    at /home/ubuntu/.nvm/versions/node/v8.11.2/lib/node_modules/composer-cli/node_modules/grpc/src/client.js:583:15 {}$
2018-05-17T06:02:40.988Z ERROR   :HLFConnection            :ping()                    {"message":"Error trying to ping. Error: 2 UNKNOWN: error executing chaincode: transaction returned with failure: Error: The current identity, with the name 'admin' and the identifier '01899e04161a3a6d64670504fa122e55818295352929b6a616333a3739fde3f2', must be activated (ACTIVATION_REQUIRED)","stack":"Error: Error trying to ping. Error: 2 UNKNOWN: error executing chaincode: transaction returned with failure: Error: The current identity, with the name 'admin' and the identifier '01899e04161a3a6d64670504fa122e55818295352929b6a616333a3739fde3f2', must be activated (ACTIVATION_REQUIRED)\n    at _checkRuntimeVersions.then.catch (/home/ubuntu/.nvm/versions/node/v8.11.2/lib/node_modules/composer-cli/node_modules/composer-connector-hlfv1/lib/hlfconnection.js:790:34)\n    at <anonymous>"}$
2018-05-17T09:00:59.310Z ERROR   :HLFConnectionManager     :fabric-client()           [client-utils.js]: sendPeersProposal - Promise is rejected: Error: 2 UNKNOWN: error executing chaincode: transaction returned with failure: Error: The current identity, with the name 'admin' and the identifier '01899e04161a3a6d64670504fa122e55818295352929b6a616333a3739fde3f2', must be activated (ACTIVATION_REQUIRED)
    at new createStatusError (/home/ubuntu/.nvm/versions/node/v8.11.2/lib/node_modules/composer-cli/node_modules/grpc/src/client.js:64:15)
    at /home/ubuntu/.nvm/versions/node/v8.11.2/lib/node_modules/composer-cli/node_modules/grpc/src/client.js:583:15 {}$
2018-05-17T09:00:59.311Z ERROR   :HLFConnection            :ping()                    {"message":"Error trying to ping. Error: 2 UNKNOWN: error executing chaincode: transaction returned with failure: Error: The current identity, with the name 'admin' and the identifier '01899e04161a3a6d64670504fa122e55818295352929b6a616333a3739fde3f2', must be activated (ACTIVATION_REQUIRED)","stack":"Error: Error trying to ping. Error: 2 UNKNOWN: error executing chaincode: transaction returned with failure: Error: The current identity, with the name 'admin' and the identifier '01899e04161a3a6d64670504fa122e55818295352929b6a616333a3739fde3f2', must be activated (ACTIVATION_REQUIRED)\n    at _checkRuntimeVersions.then.catch (/home/ubuntu/.nvm/versions/node/v8.11.2/lib/node_modules/composer-cli/node_modules/composer-connector-hlfv1/lib/hlfconnection.js:790:34)\n    at <anonymous>"}$
2018-05-17T13:38:42.220Z ERROR   :HLFConnectionManager     :fabric-client()           [client-utils.js]: sendPeersProposal - Promise is rejected: Error: 2 UNKNOWN: error executing chaincode: transaction returned with failure: Error: The current identity, with the name 'admin' and the identifier '01899e04161a3a6d64670504fa122e55818295352929b6a616333a3739fde3f2', must be activated (ACTIVATION_REQUIRED)
    at new createStatusError (/home/ubuntu/.nvm/versions/node/v8.11.2/lib/node_modules/composer-cli/node_modules/grpc/src/client.js:64:15)
    at /home/ubuntu/.nvm/versions/node/v8.11.2/lib/node_modules/composer-cli/node_modules/grpc/src/client.js:583:15 {}$
2018-05-17T13:38:42.220Z ERROR   :HLFConnection            :ping()                    {"message":"Error trying to ping. Error: 2 UNKNOWN: error executing chaincode: transaction returned with failure: Error: The current identity, with the name 'admin' and the identifier '01899e04161a3a6d64670504fa122e55818295352929b6a616333a3739fde3f2', must be activated (ACTIVATION_REQUIRED)","stack":"Error: Error trying to ping. Error: 2 UNKNOWN: error executing chaincode: transaction returned with failure: Error: The current identity, with the name 'admin' and the identifier '01899e04161a3a6d64670504fa122e55818295352929b6a616333a3739fde3f2', must be activated (ACTIVATION_REQUIRED)\n    at _checkRuntimeVersions.then.catch (/home/ubuntu/.nvm/versions/node/v8.11.2/lib/node_modules/composer-cli/node_modules/composer-connector-hlfv1/lib/hlfconnection.js:790:34)\n    at <anonymous>"}$
2018-05-17T19:24:19.023Z ERROR   :HLFConnectionManager     :fabric-client()           [client-utils.js]: sendPeersProposal - Promise is rejected: Error: 2 UNKNOWN: chaincode error (status: 500, message: cannot get package for chaincode (maintenance-network:0.0.18))
    at new createStatusError (/home/ubuntu/.nvm/versions/node/v8.11.2/lib/node_modules/composer-cli/node_modules/grpc/src/client.js:64:15)
    at /home/ubuntu/.nvm/versions/node/v8.11.2/lib/node_modules/composer-cli/node_modules/grpc/src/client.js:583:15 {}$
2018-05-17T19:24:19.024Z ERROR   :HLFConnectionManager     :fabric-client()           [client-utils.js]: sendPeersProposal - Promise is rejected: Error: 2 UNKNOWN: chaincode error (status: 500, message: cannot get package for chaincode (maintenance-network:0.0.18))
    at new createStatusError (/home/ubuntu/.nvm/versions/node/v8.11.2/lib/node_modules/composer-cli/node_modules/grpc/src/client.js:64:15)
    at /home/ubuntu/.nvm/versions/node/v8.11.2/lib/node_modules/composer-cli/node_modules/grpc/src/client.js:583:15 {}$
2018-05-17T19:24:19.024Z ERROR   :HLFConnectionManager     :fabric-client()           [client-utils.js]: sendPeersProposal - Promise is rejected: Error: 2 UNKNOWN: chaincode error (status: 500, message: cannot get package for chaincode (maintenance-network:0.0.18))
    at new createStatusError (/home/ubuntu/.nvm/versions/node/v8.11.2/lib/node_modules/composer-cli/node_modules/grpc/src/client.js:64:15)
    at /home/ubuntu/.nvm/versions/node/v8.11.2/lib/node_modules/composer-cli/node_modules/grpc/src/client.js:583:15 {}$
2018-05-17T19:24:19.024Z ERROR   :HLFConnectionManager     :fabric-client()           [client-utils.js]: sendPeersProposal - Promise is rejected: Error: 2 UNKNOWN: chaincode error (status: 500, message: cannot get package for chaincode (maintenance-network:0.0.18))
    at new createStatusError (/home/ubuntu/.nvm/versions/node/v8.11.2/lib/node_modules/composer-cli/node_modules/grpc/src/client.js:64:15)
    at /home/ubuntu/.nvm/versions/node/v8.11.2/lib/node_modules/composer-cli/node_modules/grpc/src/client.js:583:15 {}$
2018-05-17T19:27:08.284Z ERROR   :HLFConnectionManager     :fabric-client()           [client-utils.js]: sendPeersProposal - Promise is rejected: Error: 2 UNKNOWN: chaincode error (status: 500, message: chaincode exists maintenance-network)
    at new createStatusError (/home/ubuntu/.nvm/versions/node/v8.11.2/lib/node_modules/composer-cli/node_modules/grpc/src/client.js:64:15)
    at /home/ubuntu/.nvm/versions/node/v8.11.2/lib/node_modules/composer-cli/node_modules/grpc/src/client.js:583:15 {}$
2018-05-17T19:27:08.289Z ERROR   :HLFConnectionManager     :fabric-client()           [client-utils.js]: sendPeersProposal - Promise is rejected: Error: 2 UNKNOWN: chaincode error (status: 500, message: cannot get package for chaincode (maintenance-network:0.0.18))
    at new createStatusError (/home/ubuntu/.nvm/versions/node/v8.11.2/lib/node_modules/composer-cli/node_modules/grpc/src/client.js:64:15)
    at /home/ubuntu/.nvm/versions/node/v8.11.2/lib/node_modules/composer-cli/node_modules/grpc/src/client.js:583:15 {}$
2018-05-17T19:27:08.289Z ERROR   :HLFConnectionManager     :fabric-client()           [client-utils.js]: sendPeersProposal - Promise is rejected: Error: 2 UNKNOWN: chaincode error (status: 500, message: cannot get package for chaincode (maintenance-network:0.0.18))
    at new createStatusError (/home/ubuntu/.nvm/versions/node/v8.11.2/lib/node_modules/composer-cli/node_modules/grpc/src/client.js:64:15)
    at /home/ubuntu/.nvm/versions/node/v8.11.2/lib/node_modules/composer-cli/node_modules/grpc/src/client.js:583:15 {}$
2018-05-17T19:27:08.289Z ERROR   :HLFConnectionManager     :fabric-client()           [client-utils.js]: sendPeersProposal - Promise is rejected: Error: 2 UNKNOWN: chaincode error (status: 500, message: cannot get package for chaincode (maintenance-network:0.0.18))
    at new createStatusError (/home/ubuntu/.nvm/versions/node/v8.11.2/lib/node_modules/composer-cli/node_modules/grpc/src/client.js:64:15)
    at /home/ubuntu/.nvm/versions/node/v8.11.2/lib/node_modules/composer-cli/node_modules/grpc/src/client.js:583:15 {}$
2018-05-17T19:27:08.290Z ERROR   :HLFConnectionManager     :fabric-client()           [client-utils.js]: sendPeersProposal - Promise is rejected: Error: 2 UNKNOWN: chaincode error (status: 500, message: cannot get package for chaincode (maintenance-network:0.0.18))
    at new createStatusError (/home/ubuntu/.nvm/versions/node/v8.11.2/lib/node_modules/composer-cli/node_modules/grpc/src/client.js:64:15)
    at /home/ubuntu/.nvm/versions/node/v8.11.2/lib/node_modules/composer-cli/node_modules/grpc/src/client.js:583:15 {}$
2018-05-17T19:27:08.290Z ERROR   :HLFConnectionManager     :fabric-client()           [client-utils.js]: sendPeersProposal - Promise is rejected: Error: 2 UNKNOWN: chaincode error (status: 500, message: chaincode exists maintenance-network)
    at new createStatusError (/home/ubuntu/.nvm/versions/node/v8.11.2/lib/node_modules/composer-cli/node_modules/grpc/src/client.js:64:15)
    at /home/ubuntu/.nvm/versions/node/v8.11.2/lib/node_modules/composer-cli/node_modules/grpc/src/client.js:583:15 {}$
2018-05-17T19:27:08.291Z ERROR   :HLFConnectionManager     :fabric-client()           [client-utils.js]: sendPeersProposal - Promise is rejected: Error: 2 UNKNOWN: chaincode error (status: 500, message: chaincode exists maintenance-network)
    at new createStatusError (/home/ubuntu/.nvm/versions/node/v8.11.2/lib/node_modules/composer-cli/node_modules/grpc/src/client.js:64:15)
    at /home/ubuntu/.nvm/versions/node/v8.11.2/lib/node_modules/composer-cli/node_modules/grpc/src/client.js:583:15 {}$
2018-05-17T19:27:08.291Z ERROR   :HLFConnectionManager     :fabric-client()           [client-utils.js]: sendPeersProposal - Promise is rejected: Error: 2 UNKNOWN: chaincode error (status: 500, message: chaincode exists maintenance-network)
    at new createStatusError (/home/ubuntu/.nvm/versions/node/v8.11.2/lib/node_modules/composer-cli/node_modules/grpc/src/client.js:64:15)
    at /home/ubuntu/.nvm/versions/node/v8.11.2/lib/node_modules/composer-cli/node_modules/grpc/src/client.js:583:15 {}$
2018-05-17T19:27:08.291Z ERROR   :HLFConnectionManager     :fabric-client()           [client-utils.js]: sendPeersProposal - Promise is rejected: Error: 2 UNKNOWN: chaincode error (status: 500, message: chaincode exists maintenance-network)
    at new createStatusError (/home/ubuntu/.nvm/versions/node/v8.11.2/lib/node_modules/composer-cli/node_modules/grpc/src/client.js:64:15)
    at /home/ubuntu/.nvm/versions/node/v8.11.2/lib/node_modules/composer-cli/node_modules/grpc/src/client.js:583:15 {}$
2018-05-17T19:27:08.291Z ERROR   :HLFConnectionManager     :fabric-client()           [client-utils.js]: sendPeersProposal - Promise is rejected: Error: 2 UNKNOWN: chaincode error (status: 500, message: chaincode exists maintenance-network)
    at new createStatusError (/home/ubuntu/.nvm/versions/node/v8.11.2/lib/node_modules/composer-cli/node_modules/grpc/src/client.js:64:15)
    at /home/ubuntu/.nvm/versions/node/v8.11.2/lib/node_modules/composer-cli/node_modules/grpc/src/client.js:583:15 {}$
2018-05-17T19:27:08.292Z ERROR   :HLFConnectionManager     :fabric-client()           [client-utils.js]: sendPeersProposal - Promise is rejected: Error: 2 UNKNOWN: chaincode error (status: 500, message: chaincode exists maintenance-network)
    at new createStatusError (/home/ubuntu/.nvm/versions/node/v8.11.2/lib/node_modules/composer-cli/node_modules/grpc/src/client.js:64:15)
    at /home/ubuntu/.nvm/versions/node/v8.11.2/lib/node_modules/composer-cli/node_modules/grpc/src/client.js:583:15 {}$
2018-05-17T19:27:08.292Z ERROR   :HLFConnectionManager     :fabric-client()           [client-utils.js]: sendPeersProposal - Promise is rejected: Error: 2 UNKNOWN: chaincode error (status: 500, message: chaincode exists maintenance-network)
    at new createStatusError (/home/ubuntu/.nvm/versions/node/v8.11.2/lib/node_modules/composer-cli/node_modules/grpc/src/client.js:64:15)
    at /home/ubuntu/.nvm/versions/node/v8.11.2/lib/node_modules/composer-cli/node_modules/grpc/src/client.js:583:15 {}$
2018-05-17T19:27:08.292Z ERROR   :HLFConnectionManager     :fabric-client()           [client-utils.js]: sendPeersProposal - Promise is rejected: Error: 2 UNKNOWN: chaincode error (status: 500, message: chaincode exists maintenance-network)
    at new createStatusError (/home/ubuntu/.nvm/versions/node/v8.11.2/lib/node_modules/composer-cli/node_modules/grpc/src/client.js:64:15)
    at /home/ubuntu/.nvm/versions/node/v8.11.2/lib/node_modules/composer-cli/node_modules/grpc/src/client.js:583:15 {}$
2018-05-17T19:27:08.292Z ERROR   :HLFConnectionManager     :fabric-client()           [client-utils.js]: sendPeersProposal - Promise is rejected: Error: 2 UNKNOWN: chaincode error (status: 500, message: chaincode exists maintenance-network)
    at new createStatusError (/home/ubuntu/.nvm/versions/node/v8.11.2/lib/node_modules/composer-cli/node_modules/grpc/src/client.js:64:15)
    at /home/ubuntu/.nvm/versions/node/v8.11.2/lib/node_modules/composer-cli/node_modules/grpc/src/client.js:583:15 {}$
2018-05-17T19:27:08.294Z ERROR   :HLFConnectionManager     :fabric-client()           [client-utils.js]: sendPeersProposal - Promise is rejected: Error: 2 UNKNOWN: chaincode error (status: 500, message: chaincode exists maintenance-network)
    at new createStatusError (/home/ubuntu/.nvm/versions/node/v8.11.2/lib/node_modules/composer-cli/node_modules/grpc/src/client.js:64:15)
    at /home/ubuntu/.nvm/versions/node/v8.11.2/lib/node_modules/composer-cli/node_modules/grpc/src/client.js:583:15 {}$
2018-05-17T19:27:08.294Z ERROR   :HLFConnectionManager     :fabric-client()           [client-utils.js]: sendPeersProposal - Promise is rejected: Error: 2 UNKNOWN: chaincode error (status: 500, message: chaincode exists maintenance-network)
    at new createStatusError (/home/ubuntu/.nvm/versions/node/v8.11.2/lib/node_modules/composer-cli/node_modules/grpc/src/client.js:64:15)
    at /home/ubuntu/.nvm/versions/node/v8.11.2/lib/node_modules/composer-cli/node_modules/grpc/src/client.js:583:15 {}$
2018-05-17T19:32:56.560Z ERROR   :HLFConnectionManager     :fabric-client()           [client-utils.js]: sendPeersProposal - Promise is rejected: Error: 2 UNKNOWN: chaincode error (status: 500, message: cannot get package for chaincode (maintenance-network:0.0.18))
    at new createStatusError (/home/ubuntu/.nvm/versions/node/v8.11.2/lib/node_modules/composer-cli/node_modules/grpc/src/client.js:64:15)
    at /home/ubuntu/.nvm/versions/node/v8.11.2/lib/node_modules/composer-cli/node_modules/grpc/src/client.js:583:15 {}$
2018-05-17T19:32:56.562Z ERROR   :HLFConnectionManager     :fabric-client()           [client-utils.js]: sendPeersProposal - Promise is rejected: Error: 2 UNKNOWN: chaincode error (status: 500, message: cannot get package for chaincode (maintenance-network:0.0.18))
    at new createStatusError (/home/ubuntu/.nvm/versions/node/v8.11.2/lib/node_modules/composer-cli/node_modules/grpc/src/client.js:64:15)
    at /home/ubuntu/.nvm/versions/node/v8.11.2/lib/node_modules/composer-cli/node_modules/grpc/src/client.js:583:15 {}$
2018-05-17T19:32:56.562Z ERROR   :HLFConnectionManager     :fabric-client()           [client-utils.js]: sendPeersProposal - Promise is rejected: Error: 2 UNKNOWN: chaincode error (status: 500, message: cannot get package for chaincode (maintenance-network:0.0.18))
    at new createStatusError (/home/ubuntu/.nvm/versions/node/v8.11.2/lib/node_modules/composer-cli/node_modules/grpc/src/client.js:64:15)
    at /home/ubuntu/.nvm/versions/node/v8.11.2/lib/node_modules/composer-cli/node_modules/grpc/src/client.js:583:15 {}$
2018-05-17T19:32:56.562Z ERROR   :HLFConnectionManager     :fabric-client()           [client-utils.js]: sendPeersProposal - Promise is rejected: Error: 2 UNKNOWN: chaincode error (status: 500, message: cannot get package for chaincode (maintenance-network:0.0.18))
    at new createStatusError (/home/ubuntu/.nvm/versions/node/v8.11.2/lib/node_modules/composer-cli/node_modules/grpc/src/client.js:64:15)
    at /home/ubuntu/.nvm/versions/node/v8.11.2/lib/node_modules/composer-cli/node_modules/grpc/src/client.js:583:15 {}$
2018-05-17T20:00:03.890Z ERROR   :HLFConnectionManager     :fabric-client()           [client-utils.js]: sendPeersProposal - Promise is rejected: Error: 2 UNKNOWN: chaincode error (status: 500, message: cannot get package for chaincode (maintenance-network:0.0.18))
    at new createStatusError (/home/ubuntu/.nvm/versions/node/v8.11.2/lib/node_modules/composer-cli/node_modules/grpc/src/client.js:64:15)
    at /home/ubuntu/.nvm/versions/node/v8.11.2/lib/node_modules/composer-cli/node_modules/grpc/src/client.js:583:15 {}$
2018-05-17T20:00:03.892Z ERROR   :HLFConnectionManager     :fabric-client()           [client-utils.js]: sendPeersProposal - Promise is rejected: Error: 2 UNKNOWN: chaincode error (status: 500, message: cannot get package for chaincode (maintenance-network:0.0.18))
    at new createStatusError (/home/ubuntu/.nvm/versions/node/v8.11.2/lib/node_modules/composer-cli/node_modules/grpc/src/client.js:64:15)
    at /home/ubuntu/.nvm/versions/node/v8.11.2/lib/node_modules/composer-cli/node_modules/grpc/src/client.js:583:15 {}$
2018-05-17T20:00:03.892Z ERROR   :HLFConnectionManager     :fabric-client()           [client-utils.js]: sendPeersProposal - Promise is rejected: Error: 2 UNKNOWN: chaincode error (status: 500, message: cannot get package for chaincode (maintenance-network:0.0.18))
    at new createStatusError (/home/ubuntu/.nvm/versions/node/v8.11.2/lib/node_modules/composer-cli/node_modules/grpc/src/client.js:64:15)
    at /home/ubuntu/.nvm/versions/node/v8.11.2/lib/node_modules/composer-cli/node_modules/grpc/src/client.js:583:15 {}$
2018-05-17T20:00:03.892Z ERROR   :HLFConnectionManager     :fabric-client()           [client-utils.js]: sendPeersProposal - Promise is rejected: Error: 2 UNKNOWN: chaincode error (status: 500, message: cannot get package for chaincode (maintenance-network:0.0.18))
    at new createStatusError (/home/ubuntu/.nvm/versions/node/v8.11.2/lib/node_modules/composer-cli/node_modules/grpc/src/client.js:64:15)
    at /home/ubuntu/.nvm/versions/node/v8.11.2/lib/node_modules/composer-cli/node_modules/grpc/src/client.js:583:15 {}$
2018-05-17T20:00:27.716Z ERROR   :HLFConnectionManager     :fabric-client()           [client-utils.js]: sendPeersProposal - Promise is rejected: Error: 2 UNKNOWN: error executing chaincode: transaction returned with failure: Error: The current identity, with the name 'admin' and the identifier '01899e04161a3a6d64670504fa122e55818295352929b6a616333a3739fde3f2', must be activated (ACTIVATION_REQUIRED)
    at new createStatusError (/home/ubuntu/.nvm/versions/node/v8.11.2/lib/node_modules/composer-cli/node_modules/grpc/src/client.js:64:15)
    at /home/ubuntu/.nvm/versions/node/v8.11.2/lib/node_modules/composer-cli/node_modules/grpc/src/client.js:583:15 {}$
2018-05-17T20:00:27.717Z ERROR   :HLFConnection            :ping()                    {"message":"Error trying to ping. Error: 2 UNKNOWN: error executing chaincode: transaction returned with failure: Error: The current identity, with the name 'admin' and the identifier '01899e04161a3a6d64670504fa122e55818295352929b6a616333a3739fde3f2', must be activated (ACTIVATION_REQUIRED)","stack":"Error: Error trying to ping. Error: 2 UNKNOWN: error executing chaincode: transaction returned with failure: Error: The current identity, with the name 'admin' and the identifier '01899e04161a3a6d64670504fa122e55818295352929b6a616333a3739fde3f2', must be activated (ACTIVATION_REQUIRED)\n    at _checkRuntimeVersions.then.catch (/home/ubuntu/.nvm/versions/node/v8.11.2/lib/node_modules/composer-cli/node_modules/composer-connector-hlfv1/lib/hlfconnection.js:790:34)\n    at <anonymous>"}$
2018-05-17T20:00:27.730Z ERROR   :HLFConnectionManager     :fabric-client()           [client-utils.js]: sendPeersProposal - Promise is rejected: Error: 2 UNKNOWN: cannot retrieve package for chaincode maintenance-network/0.0.18, error open /var/hyperledger/production/chaincodes/maintenance-network.0.0.18: no such file or directory
    at new createStatusError (/home/ubuntu/.nvm/versions/node/v8.11.2/lib/node_modules/composer-cli/node_modules/grpc/src/client.js:64:15)
    at /home/ubuntu/.nvm/versions/node/v8.11.2/lib/node_modules/composer-cli/node_modules/grpc/src/client.js:583:15 {}$
2018-05-17T20:00:27.732Z ERROR   :HLFConnectionManager     :fabric-client()           [client-utils.js]: sendPeersProposal - Promise is rejected: Error: 2 UNKNOWN: cannot retrieve package for chaincode maintenance-network/0.0.18, error open /var/hyperledger/production/chaincodes/maintenance-network.0.0.18: no such file or directory
    at new createStatusError (/home/ubuntu/.nvm/versions/node/v8.11.2/lib/node_modules/composer-cli/node_modules/grpc/src/client.js:64:15)
    at /home/ubuntu/.nvm/versions/node/v8.11.2/lib/node_modules/composer-cli/node_modules/grpc/src/client.js:583:15 {}$
2018-05-17T20:00:27.732Z ERROR   :HLFConnectionManager     :fabric-client()           [client-utils.js]: sendPeersProposal - Promise is rejected: Error: 2 UNKNOWN: cannot retrieve package for chaincode maintenance-network/0.0.18, error open /var/hyperledger/production/chaincodes/maintenance-network.0.0.18: no such file or directory
    at new createStatusError (/home/ubuntu/.nvm/versions/node/v8.11.2/lib/node_modules/composer-cli/node_modules/grpc/src/client.js:64:15)
    at /home/ubuntu/.nvm/versions/node/v8.11.2/lib/node_modules/composer-cli/node_modules/grpc/src/client.js:583:15 {}$
2018-05-17T20:00:27.732Z ERROR   :HLFConnectionManager     :fabric-client()           [client-utils.js]: sendPeersProposal - Promise is rejected: Error: 2 UNKNOWN: cannot retrieve package for chaincode maintenance-network/0.0.18, error open /var/hyperledger/production/chaincodes/maintenance-network.0.0.18: no such file or directory
    at new createStatusError (/home/ubuntu/.nvm/versions/node/v8.11.2/lib/node_modules/composer-cli/node_modules/grpc/src/client.js:64:15)
    at /home/ubuntu/.nvm/versions/node/v8.11.2/lib/node_modules/composer-cli/node_modules/grpc/src/client.js:583:15 {}$
2018-05-17T20:02:30.505Z ERROR   :HLFConnectionManager     :fabric-client()           [client-utils.js]: sendPeersProposal - Promise is rejected: Error: 2 UNKNOWN: cannot retrieve package for chaincode maintenance-network/0.0.18, error open /var/hyperledger/production/chaincodes/maintenance-network.0.0.18: no such file or directory
    at new createStatusError (/home/ubuntu/.nvm/versions/node/v8.11.2/lib/node_modules/composer-rest-server/node_modules/grpc/src/client.js:64:15)
    at /home/ubuntu/.nvm/versions/node/v8.11.2/lib/node_modules/composer-rest-server/node_modules/grpc/src/client.js:583:15 {}$
2018-05-17T20:02:30.507Z ERROR   :HLFConnectionManager     :fabric-client()           [client-utils.js]: sendPeersProposal - Promise is rejected: Error: 2 UNKNOWN: cannot retrieve package for chaincode maintenance-network/0.0.18, error open /var/hyperledger/production/chaincodes/maintenance-network.0.0.18: no such file or directory
    at new createStatusError (/home/ubuntu/.nvm/versions/node/v8.11.2/lib/node_modules/composer-rest-server/node_modules/grpc/src/client.js:64:15)
    at /home/ubuntu/.nvm/versions/node/v8.11.2/lib/node_modules/composer-rest-server/node_modules/grpc/src/client.js:583:15 {}$
2018-05-17T20:02:30.508Z ERROR   :HLFConnectionManager     :fabric-client()           [client-utils.js]: sendPeersProposal - Promise is rejected: Error: 2 UNKNOWN: cannot retrieve package for chaincode maintenance-network/0.0.18, error open /var/hyperledger/production/chaincodes/maintenance-network.0.0.18: no such file or directory
    at new createStatusError (/home/ubuntu/.nvm/versions/node/v8.11.2/lib/node_modules/composer-rest-server/node_modules/grpc/src/client.js:64:15)
    at /home/ubuntu/.nvm/versions/node/v8.11.2/lib/node_modules/composer-rest-server/node_modules/grpc/src/client.js:583:15 {}$
2018-05-17T20:02:30.509Z ERROR   :HLFConnectionManager     :fabric-client()           [client-utils.js]: sendPeersProposal - Promise is rejected: Error: 2 UNKNOWN: cannot retrieve package for chaincode maintenance-network/0.0.18, error open /var/hyperledger/production/chaincodes/maintenance-network.0.0.18: no such file or directory
    at new createStatusError (/home/ubuntu/.nvm/versions/node/v8.11.2/lib/node_modules/composer-rest-server/node_modules/grpc/src/client.js:64:15)
    at /home/ubuntu/.nvm/versions/node/v8.11.2/lib/node_modules/composer-rest-server/node_modules/grpc/src/client.js:583:15 {}$
