0 info it worked if it ends with ok
1 verbose cli [ '/home/ubuntu/.nvm/versions/node/v8.11.2/bin/node',
1 verbose cli   '/home/ubuntu/.nvm/versions/node/v8.11.2/bin/npm',
1 verbose cli   'start' ]
2 info using npm@6.0.1
3 info using node@v8.11.2
4 verbose run-script [ 'prestart', 'start', 'poststart' ]
5 info lifecycle maintenance-app@0.0.1~prestart: maintenance-app@0.0.1
6 info lifecycle maintenance-app@0.0.1~start: maintenance-app@0.0.1
7 verbose lifecycle maintenance-app@0.0.1~start: unsafe-perm in lifecycle true
8 verbose lifecycle maintenance-app@0.0.1~start: PATH: /home/ubuntu/.nvm/versions/node/v8.11.2/lib/node_modules/npm/node_modules/npm-lifecycle/node-gyp-bin:/home/ubuntu/maintenance-network/maintenance-app/node_modules/.bin:/home/ubuntu/bin:/home/ubuntu/.local/bin:/home/ubuntu/.nvm/versions/node/v8.11.2/bin:/usr/local/sbin:/usr/local/bin:/usr/sbin:/usr/bin:/sbin:/bin:/usr/games:/usr/local/games:/snap/bin
9 verbose lifecycle maintenance-app@0.0.1~start: CWD: /home/ubuntu/maintenance-network/maintenance-app
10 silly lifecycle maintenance-app@0.0.1~start: Args: [ '-c',
10 silly lifecycle   'ng serve --proxy-config proxy.conf.js --host 172.20.2.24 -aot=false' ]
11 silly lifecycle maintenance-app@0.0.1~start: Returned: code: 1  signal: null
12 info lifecycle maintenance-app@0.0.1~start: Failed to exec start script
13 verbose stack Error: maintenance-app@0.0.1 start: `ng serve --proxy-config proxy.conf.js --host 172.20.2.24 -aot=false`
13 verbose stack Exit status 1
13 verbose stack     at EventEmitter.<anonymous> (/home/ubuntu/.nvm/versions/node/v8.11.2/lib/node_modules/npm/node_modules/npm-lifecycle/index.js:283:16)
13 verbose stack     at emitTwo (events.js:126:13)
13 verbose stack     at EventEmitter.emit (events.js:214:7)
13 verbose stack     at ChildProcess.<anonymous> (/home/ubuntu/.nvm/versions/node/v8.11.2/lib/node_modules/npm/node_modules/npm-lifecycle/lib/spawn.js:55:14)
13 verbose stack     at emitTwo (events.js:126:13)
13 verbose stack     at ChildProcess.emit (events.js:214:7)
13 verbose stack     at maybeClose (internal/child_process.js:925:16)
13 verbose stack     at Process.ChildProcess._handle.onexit (internal/child_process.js:209:5)
14 verbose pkgid maintenance-app@0.0.1
15 verbose cwd /home/ubuntu/maintenance-network/maintenance-app
16 verbose Linux 4.4.0-1057-aws
17 verbose argv "/home/ubuntu/.nvm/versions/node/v8.11.2/bin/node" "/home/ubuntu/.nvm/versions/node/v8.11.2/bin/npm" "start"
18 verbose node v8.11.2
19 verbose npm  v6.0.1
20 error code ELIFECYCLE
21 error errno 1
22 error maintenance-app@0.0.1 start: `ng serve --proxy-config proxy.conf.js --host 172.20.2.24 -aot=false`
22 error Exit status 1
23 error Failed at the maintenance-app@0.0.1 start script.
23 error This is probably not a problem with npm. There is likely additional logging output above.
24 verbose exit [ 1, true ]
